=========
Github exercise

https://github.com/gouravthakur39/beginners-C-program-examples
https://github.com/hsf-training/cpluspluscourse/tree/master/code
https://github.com/me-shaon/coding-interview-prep/tree/master/Data%20Structure
https://github.com/williamgherman/cpp-solutions
https://github.com/HandsOnOpenCL/Exercises-Solutions
https://github.com/h4yfans/CPP-Programming-Exercises
https://github.com/jaege/Cpp-Primer-5th-Exercises
https://github.com/keithnoguchi/advanced-c-programming

=========
Github Book

https://github.com/MTJailed/C-Programming-Books

=========
Linked-list

https://www.geeksforgeeks.org/data-structures/linked-list/
https://www.programiz.com/dsa/linked-list
https://www.bitdegree.org/learn/linked-list-c-plus-plus
https://www.softwaretestinghelp.com/linked-list/
https://topdev.vn/blog/danh-sach-lien-ket-don-trong-c/
https://toidicodedao.com/2020/12/08/cau-truc-du-lieu-co-ban-p2-array-va-linked-list-stack-va-queue/
https://www.bogotobogo.com/cplusplus/linkedlist.php

=========
Design Patterns

https://en.wikibooks.org/wiki/C%2B%2B_Programming/Code/Design_Patterns
https://toidicodedao.com/tag/design-pattern/
https://medium.com/geekculture/introduction-to-design-patterns-understanding-singleton-design-pattern-5a4d49960444

=========
Exception Handling

https://www.geeksforgeeks.org/exception-handling-c/
https://www.w3schools.com/cpp/cpp_exceptions.asp
https://www.tutorialspoint.com/cplusplus/cpp_exceptions_handling.htm
https://cplusplus.com/doc/tutorial/exceptions/
https://www.javatpoint.com/cpp-exception-handling
https://www.ibm.com/docs/en/zos/2.4.0?topic=reference-exception-handling-c-only
https://cppdeveloper.com/c-nang-cao/xu-ly-ngoai-le-exception-handling-trong-c/
https://builtin.com/software-engineering-perspectives/how-to-write-clean-exception-handling-code-c%2B%2B

=========
gdb

https://www.tutorialspoint.com/gnu_debugger/gdb_commands.htm
https://www.geeksforgeeks.org/gdb-command-in-linux-with-examples/
https://users.ece.utexas.edu/~adnan/gdb-refcard.pdf
https://visualgdb.com/gdbreference/commands/
https://web.eecs.umich.edu/~sugih/pointers/summary.html
https://www.baeldung.com/linux/gdb-debug
https://linuxhint.com/list-gdb-commands/
https://cs.baylor.edu/~donahoo/tools/gdb/tutorial.html
https://cseweb.ucsd.edu/classes/fa09/cse141/tutorial_gcc_gdb.html

=========
valgrinds 

https://linoxide.com/valgrind-memcheck/
https://pages.cs.wisc.edu/~bart/537/valgrind.html
https://developers.redhat.com/blog/2021/05/05/memory-error-checking-in-c-and-c-comparing-sanitizers-and-valgrind
https://stackoverflow.com/questions/5134891/how-do-i-use-valgrind-to-find-memory-leaks
https://valgrind.org/docs/manual/mc-manual.html
https://valgrind.org/docs/manual/quick-start.html
